Using pre-set license
Built from '6000.1/staging' branch; Version is '6000.1.9f1 (ed7b183fd33d) revision 15563544'; Using compiler version '194234433'; Build Type 'Release'
OS: 'Windows 11  (10.0.26200) 64bit Professional' Language: 'en' Physical Memory: 16288 MB
BatchMode: 1, IsHumanControllingUs: 0, StartBugReporterOnCrash: 0, Is64bit: 1, IsPro: 1
Date: 2026-07-14T02:18:42Z

COMMAND LINE ARGUMENTS:
C:\Program Files\Unity\Hub\Editor\6000.1.9f1\Editor\Unity.exe
-adb2
-batchMode
-noUpm
-name
AssetImportWorker0
-projectPath
C:/Users/jamie/Desktop/syncthing/satellitedesktop/gitrepos/unincremental/unity/My project
-logFile
Logs/AssetImportWorker0.log
-srvPort
62275
-job-worker-count
7
-background-job-worker-count
8
-gc-helper-count
1
-name
AssetImport
Successfully changed project path to: C:/Users/jamie/Desktop/syncthing/satellitedesktop/gitrepos/unincremental/unity/My project
C:/Users/jamie/Desktop/syncthing/satellitedesktop/gitrepos/unincremental/unity/My project
[UnityMemory] Configuration Parameters - Can be set up in boot.config
    "memorysetup-allocator-temp-initial-block-size-main=262144"
    "memorysetup-allocator-temp-initial-block-size-worker=262144"
    "memorysetup-bucket-allocator-granularity=16"
    "memorysetup-bucket-allocator-bucket-count=8"
    "memorysetup-bucket-allocator-block-size=33554432"
    "memorysetup-bucket-allocator-block-count=8"
    "memorysetup-main-allocator-block-size=16777216"
    "memorysetup-thread-allocator-block-size=16777216"
    "memorysetup-gfx-main-allocator-block-size=16777216"
    "memorysetup-gfx-thread-allocator-block-size=16777216"
    "memorysetup-cache-allocator-block-size=4194304"
    "memorysetup-typetree-allocator-block-size=2097152"
    "memorysetup-profiler-bucket-allocator-granularity=16"
    "memorysetup-profiler-bucket-allocator-bucket-count=8"
    "memorysetup-profiler-bucket-allocator-block-size=33554432"
    "memorysetup-profiler-bucket-allocator-block-count=8"
    "memorysetup-profiler-allocator-block-size=16777216"
    "memorysetup-profiler-editor-allocator-block-size=1048576"
    "memorysetup-temp-allocator-size-main=16777216"
    "memorysetup-job-temp-allocator-block-size=2097152"
    "memorysetup-job-temp-allocator-block-size-background=1048576"
    "memorysetup-job-temp-allocator-reduction-small-platforms=262144"
    "memorysetup-temp-allocator-size-background-worker=32768"
    "memorysetup-temp-allocator-size-job-worker=262144"
    "memorysetup-temp-allocator-size-preload-manager=33554432"
    "memorysetup-temp-allocator-size-nav-mesh-worker=65536"
    "memorysetup-temp-allocator-size-audio-worker=65536"
    "memorysetup-temp-allocator-size-cloud-worker=32768"
    "memorysetup-temp-allocator-size-gi-baking-worker=262144"
    "memorysetup-temp-allocator-size-gi-baking-worker=262144"
    "memorysetup-temp-allocator-size-gi-baking-worker=262144"
    "memorysetup-temp-allocator-size-gi-baking-worker=262144"
    "memorysetup-temp-allocator-size-gi-baking-worker=262144"
    "memorysetup-temp-allocator-size-gfx=262144"
Player connection [16800]  Target information:

Player connection [16800]  * "[IP] 192.168.1.99 [Port] 0 [Flags] 2 [Guid] 1292280840 [EditorId] 1292280840 [Version] 1048832 [Id] WindowsEditor(7,DESKTOP-NLV1JA9) [Debug] 1 [PackageName] WindowsEditor [ProjectName] Editor" 

Player connection [16800]  * "[IP] 192.168.241.1 [Port] 0 [Flags] 2 [Guid] 1292280840 [EditorId] 1292280840 [Version] 1048832 [Id] WindowsEditor(7,DESKTOP-NLV1JA9) [Debug] 1 [PackageName] WindowsEditor [ProjectName] Editor" 

Player connection [16800]  * "[IP] 192.168.42.1 [Port] 0 [Flags] 2 [Guid] 1292280840 [EditorId] 1292280840 [Version] 1048832 [Id] WindowsEditor(7,DESKTOP-NLV1JA9) [Debug] 1 [PackageName] WindowsEditor [ProjectName] Editor" 

Player connection [16800]  * "[IP] 192.168.56.1 [Port] 0 [Flags] 2 [Guid] 1292280840 [EditorId] 1292280840 [Version] 1048832 [Id] WindowsEditor(7,DESKTOP-NLV1JA9) [Debug] 1 [PackageName] WindowsEditor [ProjectName] Editor" 

Player connection [16800] Host joined multi-casting on [225.0.0.222:54997]...
Player connection [16800] Host joined alternative multi-casting on [225.0.0.222:34997]...
JobSystem: Creating JobQueue using job-worker-count value 7
Input System module state changed to: Initialized.
[Physics::Module] Initialized fallback backend.
[Physics::Module] Id: 0xdecafbad
Library Redirect Path: Library/
[Physics::Module] Selected backend.
[Physics::Module] Name: PhysX
[Physics::Module] Id: 0xf2b8ea05
[Physics::Module] SDK Version: 4.1.2
[Physics::Module] Integration Version: 1.0.0
[Physics::Module] Threading Mode: Multi-Threaded
Refreshing native plugins compatible for Editor in 4.03 ms, found 4 plugins.
Preloading 0 native plugins for Editor in 0.00 ms.
Initialize engine version: 6000.1.9f1 (ed7b183fd33d)
[Subsystems] Discovering subsystems at path C:/Program Files/Unity/Hub/Editor/6000.1.9f1/Editor/Data/Resources/UnitySubsystems
[Subsystems] Discovering subsystems at path C:/Users/jamie/Desktop/syncthing/satellitedesktop/gitrepos/unincremental/unity/My project/Assets
GfxDevice: creating device client; kGfxThreadingModeNonThreaded
Direct3D:
    Version:         Direct3D 12 [level 12.1]
    Renderer:        NVIDIA GeForce GTX 1080 (ID=0x1b80)
    Vendor:          NVIDIA
    VRAM:            8059 MB
    App VRAM Budget: 7291 MB
    Driver:          32.0.15.8228
Initialize mono
Mono path[0] = 'C:/Program Files/Unity/Hub/Editor/6000.1.9f1/Editor/Data/Managed'
Mono path[1] = 'C:/Program Files/Unity/Hub/Editor/6000.1.9f1/Editor/Data/MonoBleedingEdge/lib/mono/unityjit-win32'
Mono config path = 'C:/Program Files/Unity/Hub/Editor/6000.1.9f1/Editor/Data/MonoBleedingEdge/etc'
Using monoOptions --debugger-agent=transport=dt_socket,embedding=1,server=y,suspend=n,address=127.0.0.1:56656
Begin MonoManager ReloadAssembly
Registering precompiled unity dll's ...
Register platform support module: C:/Program Files/Unity/Hub/Editor/6000.1.9f1/Editor/Data/PlaybackEngines/WindowsStandaloneSupport/UnityEditor.WindowsStandalone.Extensions.dll
Registered in 0.002211 seconds.
- Loaded All Assemblies, in  0.338 seconds
Native extension for WindowsStandalone target not found
Mono: successfully reloaded assembly
- Finished resetting the current domain, in  0.282 seconds
Domain Reload Profiling: 617ms
	BeginReloadAssembly (125ms)
		ExecutionOrderSort (0ms)
		DisableScriptedObjects (0ms)
		BackupInstance (0ms)
		ReleaseScriptingObjects (0ms)
		CreateAndSetChildDomain (1ms)
	RebuildCommonClasses (32ms)
	RebuildNativeTypeToScriptingClass (9ms)
	initialDomainReloadingComplete (43ms)
	LoadAllAssembliesAndSetupDomain (126ms)
		LoadAssemblies (119ms)
		RebuildTransferFunctionScriptingTraits (0ms)
		AnalyzeDomain (123ms)
			TypeCache.Refresh (122ms)
				TypeCache.ScanAssembly (110ms)
			BuildScriptInfoCaches (0ms)
			ResolveRequiredComponents (0ms)
	FinalizeReload (283ms)
		ReleaseScriptCaches (0ms)
		RebuildScriptCaches (0ms)
		SetupLoadedEditorAssemblies (243ms)
			LogAssemblyErrors (0ms)
			InitializePlatformSupportModulesInManaged (44ms)
			SetLoadedEditorAssemblies (3ms)
			BeforeProcessingInitializeOnLoad (47ms)
			ProcessInitializeOnLoadAttributes (96ms)
			ProcessInitializeOnLoadMethodAttributes (53ms)
			AfterProcessingInitializeOnLoad (0ms)
			EditorAssembliesLoaded (0ms)
		ExecutionOrderSort2 (0ms)
		AwakeInstancesAfterBackupRestoration (0ms)
========================================================================
Worker process is ready to serve import requests
Import Worker Mode flag is 0x00
Begin MonoManager ReloadAssembly
- Loaded All Assemblies, in  0.739 seconds
Refreshing native plugins compatible for Editor in 2.01 ms, found 4 plugins.
Native extension for WindowsStandalone target not found
Refreshing native plugins compatible for Editor in 2.34 ms, found 4 plugins.
Mono: successfully reloaded assembly
- Finished resetting the current domain, in  0.456 seconds
Domain Reload Profiling: 1188ms
	BeginReloadAssembly (181ms)
		ExecutionOrderSort (0ms)
		DisableScriptedObjects (6ms)
		BackupInstance (0ms)
		ReleaseScriptingObjects (0ms)
		CreateAndSetChildDomain (32ms)
	RebuildCommonClasses (36ms)
	RebuildNativeTypeToScriptingClass (10ms)
	initialDomainReloadingComplete (41ms)
	LoadAllAssembliesAndSetupDomain (464ms)
		LoadAssemblies (376ms)
		RebuildTransferFunctionScriptingTraits (0ms)
		AnalyzeDomain (191ms)
			TypeCache.Refresh (156ms)
				TypeCache.ScanAssembly (145ms)
			BuildScriptInfoCaches (28ms)
			ResolveRequiredComponents (4ms)
	FinalizeReload (456ms)
		ReleaseScriptCaches (0ms)
		RebuildScriptCaches (0ms)
		SetupLoadedEditorAssemblies (364ms)
			LogAssemblyErrors (0ms)
			InitializePlatformSupportModulesInManaged (1ms)
			SetLoadedEditorAssemblies (4ms)
			BeforeProcessingInitializeOnLoad (87ms)
			ProcessInitializeOnLoadAttributes (236ms)
			ProcessInitializeOnLoadMethodAttributes (27ms)
			AfterProcessingInitializeOnLoad (8ms)
			EditorAssembliesLoaded (0ms)
		ExecutionOrderSort2 (0ms)
		AwakeInstancesAfterBackupRestoration (5ms)
Launched and connected shader compiler UnityShaderCompiler.exe after 0.02 seconds
Refreshing native plugins compatible for Editor in 1.96 ms, found 4 plugins.
Preloading 0 native plugins for Editor in 0.00 ms.
Unloading 14 Unused Serialized files (Serialized files now loaded: 0)
Unloading 4356 unused Assets / (1.3 MB). Loaded Objects now: 4835.
Memory consumption went from 88.8 MB to 87.5 MB.
Total: 5.832400 ms (FindLiveObjects: 0.694600 ms CreateObjectMapping: 0.309100 ms MarkObjects: 3.652700 ms  DeleteObjects: 1.175000 ms)

========================================================================
Received Prepare
Begin MonoManager ReloadAssembly
- Loaded All Assemblies, in  0.616 seconds
Refreshing native plugins compatible for Editor in 1.85 ms, found 4 plugins.
Native extension for WindowsStandalone target not found
Mono: successfully reloaded assembly
- Finished resetting the current domain, in  0.450 seconds
Domain Reload Profiling: 1063ms
	BeginReloadAssembly (193ms)
		ExecutionOrderSort (0ms)
		DisableScriptedObjects (5ms)
		BackupInstance (0ms)
		ReleaseScriptingObjects (0ms)
		CreateAndSetChildDomain (46ms)
	RebuildCommonClasses (30ms)
	RebuildNativeTypeToScriptingClass (10ms)
	initialDomainReloadingComplete (30ms)
	LoadAllAssembliesAndSetupDomain (349ms)
		LoadAssemblies (318ms)
		RebuildTransferFunctionScriptingTraits (0ms)
		AnalyzeDomain (130ms)
			TypeCache.Refresh (6ms)
				TypeCache.ScanAssembly (0ms)
			BuildScriptInfoCaches (117ms)
			ResolveRequiredComponents (3ms)
	FinalizeReload (451ms)
		ReleaseScriptCaches (0ms)
		RebuildScriptCaches (0ms)
		SetupLoadedEditorAssemblies (355ms)
			LogAssemblyErrors (0ms)
			InitializePlatformSupportModulesInManaged (1ms)
			SetLoadedEditorAssemblies (4ms)
			BeforeProcessingInitializeOnLoad (96ms)
			ProcessInitializeOnLoadAttributes (218ms)
			ProcessInitializeOnLoadMethodAttributes (26ms)
			AfterProcessingInitializeOnLoad (8ms)
			EditorAssembliesLoaded (0ms)
		ExecutionOrderSort2 (0ms)
		AwakeInstancesAfterBackupRestoration (6ms)
Refreshing native plugins compatible for Editor in 2.32 ms, found 4 plugins.
Preloading 0 native plugins for Editor in 0.00 ms.
Unloading 1 Unused Serialized files (Serialized files now loaded: 0)
Unloading 4354 unused Assets / (1.2 MB). Loaded Objects now: 4838.
Memory consumption went from 86.9 MB to 85.7 MB.
Total: 5.428100 ms (FindLiveObjects: 0.413500 ms CreateObjectMapping: 0.470600 ms MarkObjects: 3.551500 ms  DeleteObjects: 0.991800 ms)

Prepare: number of updated asset objects reloaded= 0
========================================================================
Received Prepare
Begin MonoManager ReloadAssembly
- Loaded All Assemblies, in  0.609 seconds
Refreshing native plugins compatible for Editor in 2.67 ms, found 4 plugins.
Native extension for WindowsStandalone target not found
Mono: successfully reloaded assembly
- Finished resetting the current domain, in  0.464 seconds
Domain Reload Profiling: 1070ms
	BeginReloadAssembly (173ms)
		ExecutionOrderSort (0ms)
		DisableScriptedObjects (5ms)
		BackupInstance (0ms)
		ReleaseScriptingObjects (0ms)
		CreateAndSetChildDomain (43ms)
	RebuildCommonClasses (31ms)
	RebuildNativeTypeToScriptingClass (10ms)
	initialDomainReloadingComplete (33ms)
	LoadAllAssembliesAndSetupDomain (358ms)
		LoadAssemblies (292ms)
		RebuildTransferFunctionScriptingTraits (0ms)
		AnalyzeDomain (150ms)
			TypeCache.Refresh (6ms)
				TypeCache.ScanAssembly (0ms)
			BuildScriptInfoCaches (138ms)
			ResolveRequiredComponents (3ms)
	FinalizeReload (465ms)
		ReleaseScriptCaches (0ms)
		RebuildScriptCaches (0ms)
		SetupLoadedEditorAssemblies (354ms)
			LogAssemblyErrors (0ms)
			InitializePlatformSupportModulesInManaged (2ms)
			SetLoadedEditorAssemblies (4ms)
			BeforeProcessingInitializeOnLoad (101ms)
			ProcessInitializeOnLoadAttributes (210ms)
			ProcessInitializeOnLoadMethodAttributes (26ms)
			AfterProcessingInitializeOnLoad (10ms)
			EditorAssembliesLoaded (0ms)
		ExecutionOrderSort2 (0ms)
		AwakeInstancesAfterBackupRestoration (7ms)
Refreshing native plugins compatible for Editor in 2.32 ms, found 4 plugins.
Preloading 0 native plugins for Editor in 0.00 ms.
Unloading 1 Unused Serialized files (Serialized files now loaded: 0)
Unloading 4354 unused Assets / (1.0 MB). Loaded Objects now: 4841.
Memory consumption went from 87.2 MB to 86.2 MB.
Total: 6.079900 ms (FindLiveObjects: 0.480000 ms CreateObjectMapping: 0.551100 ms MarkObjects: 4.084200 ms  DeleteObjects: 0.963900 ms)

Prepare: number of updated asset objects reloaded= 0
========================================================================
Received Import Request.
  Time since last request: 114942.342725 seconds.
  path: Assets/Earth-Bump-Map-8k.png
  artifactKey: Guid(aa9f8eadda6cf06458c20aa80d511e38) Importer(815301076,1909f56bfc062723c751e8b465ee728b)
Start importing Assets/Earth-Bump-Map-8k.png using Guid(aa9f8eadda6cf06458c20aa80d511e38) Importer(815301076,1909f56bfc062723c751e8b465ee728b) (PreviewImporter) -> (artifact id: '036f550e8a3b8005281eeb5c0af1dc94') in 0.0862838 seconds
Number of updated asset objects reloaded before import = 0Number of asset objects unloaded after import = 2

========================================================================
Received Import Request.
  Time since last request: 0.000024 seconds.
  path: Assets/Earth-Color-Map-8k.png
  artifactKey: Guid(6222095f6d90c564f9982b1eb862d3fc) Importer(815301076,1909f56bfc062723c751e8b465ee728b)
Start importing Assets/Earth-Color-Map-8k.png using Guid(6222095f6d90c564f9982b1eb862d3fc) Importer(815301076,1909f56bfc062723c751e8b465ee728b) (PreviewImporter) -> (artifact id: '1733be5f27d5dcc08e68231d5e5278fb') in 0.0157055 seconds
Number of updated asset objects reloaded before import = 0Number of asset objects unloaded after import = 2

========================================================================
Received Import Request.
  Time since last request: 69.026748 seconds.
  path: Assets/Earth-Cloud-Map-8k.png
  artifactKey: Guid(ec13a30f33fe09f4e9daf5fdaecdbd8f) Importer(815301076,1909f56bfc062723c751e8b465ee728b)
Start importing Assets/Earth-Cloud-Map-8k.png using Guid(ec13a30f33fe09f4e9daf5fdaecdbd8f) Importer(815301076,1909f56bfc062723c751e8b465ee728b) (PreviewImporter) -> (artifact id: '128b83c08afd9d3334a9602bb52b3ea9') in 0.0132677 seconds
Number of updated asset objects reloaded before import = 0Number of asset objects unloaded after import = 2

========================================================================
Received Import Request.
  Time since last request: 39.309929 seconds.
  path: Assets/New Material 1.mat
  artifactKey: Guid(72e747d1a3697c84aa1db6751f27c5bf) Importer(815301076,1909f56bfc062723c751e8b465ee728b)
Start importing Assets/New Material 1.mat using Guid(72e747d1a3697c84aa1db6751f27c5bf) Importer(815301076,1909f56bfc062723c751e8b465ee728b) (PreviewImporter) -> (artifact id: '2abd22abda716be3cfeb527116be92a4') in 0.2769726 seconds
Number of updated asset objects reloaded before import = 0Number of asset objects unloaded after import = 3

========================================================================
Received Import Request.
  Time since last request: 15.006692 seconds.
  path: Assets/New Material 1.mat
  artifactKey: Guid(72e747d1a3697c84aa1db6751f27c5bf) Importer(815301076,1909f56bfc062723c751e8b465ee728b)
Start importing Assets/New Material 1.mat using Guid(72e747d1a3697c84aa1db6751f27c5bf) Importer(815301076,1909f56bfc062723c751e8b465ee728b) (PreviewImporter) -> (artifact id: 'e04f34eb9e7d2d50da0035290b529192') in 0.0157268 seconds
Number of updated asset objects reloaded before import = 0Number of asset objects unloaded after import = 3

========================================================================
Received Prepare
Begin MonoManager ReloadAssembly
- Loaded All Assemblies, in  0.694 seconds
Refreshing native plugins compatible for Editor in 2.00 ms, found 4 plugins.
Native extension for WindowsStandalone target not found
Mono: successfully reloaded assembly
- Finished resetting the current domain, in  0.478 seconds
Domain Reload Profiling: 1169ms
	BeginReloadAssembly (169ms)
		ExecutionOrderSort (0ms)
		DisableScriptedObjects (4ms)
		BackupInstance (0ms)
		ReleaseScriptingObjects (0ms)
		CreateAndSetChildDomain (43ms)
	RebuildCommonClasses (29ms)
	RebuildNativeTypeToScriptingClass (10ms)
	initialDomainReloadingComplete (30ms)
	LoadAllAssembliesAndSetupDomain (453ms)
		LoadAssemblies (405ms)
		RebuildTransferFunctionScriptingTraits (0ms)
		AnalyzeDomain (129ms)
			TypeCache.Refresh (6ms)
				TypeCache.ScanAssembly (0ms)
			BuildScriptInfoCaches (118ms)
			ResolveRequiredComponents (3ms)
	FinalizeReload (479ms)
		ReleaseScriptCaches (0ms)
		RebuildScriptCaches (0ms)
		SetupLoadedEditorAssemblies (369ms)
			LogAssemblyErrors (0ms)
			InitializePlatformSupportModulesInManaged (2ms)
			SetLoadedEditorAssemblies (4ms)
			BeforeProcessingInitializeOnLoad (101ms)
			ProcessInitializeOnLoadAttributes (228ms)
			ProcessInitializeOnLoadMethodAttributes (26ms)
			AfterProcessingInitializeOnLoad (8ms)
			EditorAssembliesLoaded (0ms)
		ExecutionOrderSort2 (0ms)
		AwakeInstancesAfterBackupRestoration (5ms)
Refreshing native plugins compatible for Editor in 2.07 ms, found 4 plugins.
Preloading 0 native plugins for Editor in 0.00 ms.
Unloading 1 Unused Serialized files (Serialized files now loaded: 0)
Unloading 4354 unused Assets / (1.1 MB). Loaded Objects now: 4889.
Memory consumption went from 92.0 MB to 90.9 MB.
Total: 5.334500 ms (FindLiveObjects: 0.602200 ms CreateObjectMapping: 0.501100 ms MarkObjects: 3.361900 ms  DeleteObjects: 0.868500 ms)

Prepare: number of updated asset objects reloaded= 0
========================================================================
Received Import Request.
  Time since last request: 141.815949 seconds.
  path: Assets/Earth-Color-Map-8k.png
  artifactKey: Guid(6222095f6d90c564f9982b1eb862d3fc) Importer(815301076,1909f56bfc062723c751e8b465ee728b)
Start importing Assets/Earth-Color-Map-8k.png using Guid(6222095f6d90c564f9982b1eb862d3fc) Importer(815301076,1909f56bfc062723c751e8b465ee728b) (PreviewImporter) -> (artifact id: '3cf068f018e6a5ed884fcbe5c28a8fed') in 0.0526424 seconds
Number of updated asset objects reloaded before import = 0Number of asset objects unloaded after import = 2

========================================================================
Received Import Request.
  Time since last request: 22.221070 seconds.
  path: Assets/Earth-Color-Map-8k.png
  artifactKey: Guid(6222095f6d90c564f9982b1eb862d3fc) Importer(815301076,1909f56bfc062723c751e8b465ee728b)
Start importing Assets/Earth-Color-Map-8k.png using Guid(6222095f6d90c564f9982b1eb862d3fc) Importer(815301076,1909f56bfc062723c751e8b465ee728b) (PreviewImporter) -> (artifact id: 'c54493debd99508942bf0956807c9aee') in 0.0260404 seconds
Number of updated asset objects reloaded before import = 0Number of asset objects unloaded after import = 2

========================================================================
Received Import Request.
  Time since last request: 31.693762 seconds.
  path: Assets/New Material 1.mat
  artifactKey: Guid(72e747d1a3697c84aa1db6751f27c5bf) Importer(815301076,1909f56bfc062723c751e8b465ee728b)
Start importing Assets/New Material 1.mat using Guid(72e747d1a3697c84aa1db6751f27c5bf) Importer(815301076,1909f56bfc062723c751e8b465ee728b) (PreviewImporter) -> (artifact id: '77238edea53de0a534b9e3147e0913ea') in 0.0584726 seconds
Number of updated asset objects reloaded before import = 0Number of asset objects unloaded after import = 3

========================================================================
Received Import Request.
  Time since last request: 62.289112 seconds.
  path: Assets/sphere6x.fbx
  artifactKey: Guid(c8860475f0a62d94c8298bf8d48941b0) Importer(815301076,1909f56bfc062723c751e8b465ee728b)
Start importing Assets/sphere6x.fbx using Guid(c8860475f0a62d94c8298bf8d48941b0) Importer(815301076,1909f56bfc062723c751e8b465ee728b) (PreviewImporter) -> (artifact id: '766df5238e7071472f2f31bb06af8f9c') in 0.0918162 seconds
Number of updated asset objects reloaded before import = 0Number of asset objects unloaded after import = 7

========================================================================
Received Import Request.
  Time since last request: 94.423282 seconds.
  path: Assets/sphere6x.fbx
  artifactKey: Guid(c8860475f0a62d94c8298bf8d48941b0) Importer(815301076,1909f56bfc062723c751e8b465ee728b)
Start importing Assets/sphere6x.fbx using Guid(c8860475f0a62d94c8298bf8d48941b0) Importer(815301076,1909f56bfc062723c751e8b465ee728b) (PreviewImporter) -> (artifact id: '43b8d096c83904a41e5b0c49c9209c19') in 0.0182381 seconds
Number of updated asset objects reloaded before import = 0Number of asset objects unloaded after import = 7

========================================================================
Received Import Request.
  Time since last request: 12.194442 seconds.
  path: Assets/Earth-Color-Map-8k.png
  artifactKey: Guid(6222095f6d90c564f9982b1eb862d3fc) Importer(815301076,1909f56bfc062723c751e8b465ee728b)
Start importing Assets/Earth-Color-Map-8k.png using Guid(6222095f6d90c564f9982b1eb862d3fc) Importer(815301076,1909f56bfc062723c751e8b465ee728b) (PreviewImporter) -> (artifact id: '60ae58678fbf771f2a0f476a6e420fac') in 0.0283587 seconds
Number of updated asset objects reloaded before import = 0Number of asset objects unloaded after import = 2

========================================================================
Received Import Request.
  Time since last request: 54.486272 seconds.
  path: Assets/Earth-Bump-Map-8k.png
  artifactKey: Guid(aa9f8eadda6cf06458c20aa80d511e38) Importer(815301076,1909f56bfc062723c751e8b465ee728b)
Start importing Assets/Earth-Bump-Map-8k.png using Guid(aa9f8eadda6cf06458c20aa80d511e38) Importer(815301076,1909f56bfc062723c751e8b465ee728b) (PreviewImporter) -> (artifact id: 'e21c1aa8368380ff274c75b9e3a0eb75') in 0.0132297 seconds
Number of updated asset objects reloaded before import = 0Number of asset objects unloaded after import = 2

========================================================================
Received Import Request.
  Time since last request: 36.588012 seconds.
  path: Assets/sphere6x.fbx
  artifactKey: Guid(c8860475f0a62d94c8298bf8d48941b0) Importer(815301076,1909f56bfc062723c751e8b465ee728b)
Start importing Assets/sphere6x.fbx using Guid(c8860475f0a62d94c8298bf8d48941b0) Importer(815301076,1909f56bfc062723c751e8b465ee728b) (PreviewImporter) -> (artifact id: '2f9cd63451b1e85577dc2f0f733d89af') in 0.0163815 seconds
Number of updated asset objects reloaded before import = 0Number of asset objects unloaded after import = 7

========================================================================
Received Import Request.
  Time since last request: 34.710488 seconds.
  path: Assets/Untitled.png
  artifactKey: Guid(2d630953c077acc4b85f7c8563161c99) Importer(815301076,1909f56bfc062723c751e8b465ee728b)
Start importing Assets/Untitled.png using Guid(2d630953c077acc4b85f7c8563161c99) Importer(815301076,1909f56bfc062723c751e8b465ee728b) (PreviewImporter) -> (artifact id: 'aad95b10f869ce37fe1da9c5447c2f65') in 0.0129829 seconds
Number of updated asset objects reloaded before import = 0Number of asset objects unloaded after import = 2

========================================================================
Received Import Request.
  Time since last request: 20.992559 seconds.
  path: Assets/New Material 1.mat
  artifactKey: Guid(72e747d1a3697c84aa1db6751f27c5bf) Importer(815301076,1909f56bfc062723c751e8b465ee728b)
Start importing Assets/New Material 1.mat using Guid(72e747d1a3697c84aa1db6751f27c5bf) Importer(815301076,1909f56bfc062723c751e8b465ee728b) (PreviewImporter) -> (artifact id: 'c6ecc7cfc48250634da8a55d2c0fb672') in 0.0321964 seconds
Number of updated asset objects reloaded before import = 0Number of asset objects unloaded after import = 3

========================================================================
Received Import Request.
  Time since last request: 113.399748 seconds.
  path: Assets/New Material 1.mat
  artifactKey: Guid(72e747d1a3697c84aa1db6751f27c5bf) Importer(815301076,1909f56bfc062723c751e8b465ee728b)
Start importing Assets/New Material 1.mat using Guid(72e747d1a3697c84aa1db6751f27c5bf) Importer(815301076,1909f56bfc062723c751e8b465ee728b) (PreviewImporter) -> (artifact id: '01bf31c860ac8b23303b2857c565f7c4') in 0.047999 seconds
Number of updated asset objects reloaded before import = 0Number of asset objects unloaded after import = 3

========================================================================
Received Import Request.
  Time since last request: 17.479466 seconds.
  path: Assets/Earth-Cloud-Map-8k.png
  artifactKey: Guid(ec13a30f33fe09f4e9daf5fdaecdbd8f) Importer(815301076,1909f56bfc062723c751e8b465ee728b)
Start importing Assets/Earth-Cloud-Map-8k.png using Guid(ec13a30f33fe09f4e9daf5fdaecdbd8f) Importer(815301076,1909f56bfc062723c751e8b465ee728b) (PreviewImporter) -> (artifact id: '0d1fe43265de352320a6b5bd92f800c4') in 0.0144418 seconds
Number of updated asset objects reloaded before import = 0Number of asset objects unloaded after import = 2

========================================================================
Received Import Request.
  Time since last request: 53.721576 seconds.
  path: Assets/Earth-Cloud-Map-8k.png
  artifactKey: Guid(ec13a30f33fe09f4e9daf5fdaecdbd8f) Importer(815301076,1909f56bfc062723c751e8b465ee728b)
Start importing Assets/Earth-Cloud-Map-8k.png using Guid(ec13a30f33fe09f4e9daf5fdaecdbd8f) Importer(815301076,1909f56bfc062723c751e8b465ee728b) (PreviewImporter) -> (artifact id: '5fafb655ad464ec5ad346d513f45085f') in 0.0146451 seconds
Number of updated asset objects reloaded before import = 0Number of asset objects unloaded after import = 2

========================================================================
Received Import Request.
  Time since last request: 2.859135 seconds.
  path: Assets/Earth-Cloud-Map-8k.png
  artifactKey: Guid(ec13a30f33fe09f4e9daf5fdaecdbd8f) Importer(815301076,1909f56bfc062723c751e8b465ee728b)
Start importing Assets/Earth-Cloud-Map-8k.png using Guid(ec13a30f33fe09f4e9daf5fdaecdbd8f) Importer(815301076,1909f56bfc062723c751e8b465ee728b) (PreviewImporter) -> (artifact id: '10892e2162a15ec810a1b4c98ca8ff60') in 0.0163125 seconds
Number of updated asset objects reloaded before import = 0Number of asset objects unloaded after import = 2

========================================================================
Received Import Request.
  Time since last request: 23.826144 seconds.
  path: Assets/Earth-Cloud-Map-8k.png
  artifactKey: Guid(ec13a30f33fe09f4e9daf5fdaecdbd8f) Importer(815301076,1909f56bfc062723c751e8b465ee728b)
Start importing Assets/Earth-Cloud-Map-8k.png using Guid(ec13a30f33fe09f4e9daf5fdaecdbd8f) Importer(815301076,1909f56bfc062723c751e8b465ee728b) (PreviewImporter) -> (artifact id: '187639e7055b126a2f184fcf5d3f2bff') in 0.0143934 seconds
Number of updated asset objects reloaded before import = 0Number of asset objects unloaded after import = 2

========================================================================
Received Import Request.
  Time since last request: 5.299036 seconds.
  path: Assets/New Material 3.mat
  artifactKey: Guid(54796def1c70c474c9cfb04a00c2a7b1) Importer(815301076,1909f56bfc062723c751e8b465ee728b)
Start importing Assets/New Material 3.mat using Guid(54796def1c70c474c9cfb04a00c2a7b1) Importer(815301076,1909f56bfc062723c751e8b465ee728b) (PreviewImporter) -> (artifact id: 'c7e3565bf96f1186a62fcd97c34d3a00') in 0.1699526 seconds
Number of updated asset objects reloaded before import = 0Number of asset objects unloaded after import = 2

========================================================================
Received Import Request.
  Time since last request: 11.295911 seconds.
  path: Assets/Earth-Bump-Map-8k.png
  artifactKey: Guid(aa9f8eadda6cf06458c20aa80d511e38) Importer(815301076,1909f56bfc062723c751e8b465ee728b)
Start importing Assets/Earth-Bump-Map-8k.png using Guid(aa9f8eadda6cf06458c20aa80d511e38) Importer(815301076,1909f56bfc062723c751e8b465ee728b) (PreviewImporter) -> (artifact id: '57e38e5e0292bfc57a50f4c6605bd0b3') in 0.0244972 seconds
Number of updated asset objects reloaded before import = 0Number of asset objects unloaded after import = 2

========================================================================
Received Import Request.
  Time since last request: 0.007031 seconds.
  path: Assets/Earth-Night-Map-8k.png
  artifactKey: Guid(7c62032b47052bc44b7a716d50d4c521) Importer(815301076,1909f56bfc062723c751e8b465ee728b)
Start importing Assets/Earth-Night-Map-8k.png using Guid(7c62032b47052bc44b7a716d50d4c521) Importer(815301076,1909f56bfc062723c751e8b465ee728b) (PreviewImporter) -> (artifact id: 'bd347e382c4dbf161fddbc97326f01d9') in 0.0331841 seconds
Number of updated asset objects reloaded before import = 0Number of asset objects unloaded after import = 2

========================================================================
Received Import Request.
  Time since last request: 0.000017 seconds.
  path: Assets/New Material 3.mat
  artifactKey: Guid(54796def1c70c474c9cfb04a00c2a7b1) Importer(815301076,1909f56bfc062723c751e8b465ee728b)
Start importing Assets/New Material 3.mat using Guid(54796def1c70c474c9cfb04a00c2a7b1) Importer(815301076,1909f56bfc062723c751e8b465ee728b) (PreviewImporter)d3d12: upload buffer was too small for the requested resource! Size: 16777216. Requested: 33554432.
 -> (artifact id: '6917dc5bc37d02f48ad09c0f0e770d73') in 0.0504784 seconds
Number of updated asset objects reloaded before import = 0Number of asset objects unloaded after import = 2

========================================================================
Received Prepare
Begin MonoManager ReloadAssembly
- Loaded All Assemblies, in  1.156 seconds
Refreshing native plugins compatible for Editor in 2.40 ms, found 4 plugins.
Native extension for WindowsStandalone target not found
Mono: successfully reloaded assembly
- Finished resetting the current domain, in  0.594 seconds
Domain Reload Profiling: 1748ms
	BeginReloadAssembly (394ms)
		ExecutionOrderSort (0ms)
		DisableScriptedObjects (17ms)
		BackupInstance (0ms)
		ReleaseScriptingObjects (0ms)
		CreateAndSetChildDomain (162ms)
	RebuildCommonClasses (35ms)
	RebuildNativeTypeToScriptingClass (10ms)
	initialDomainReloadingComplete (38ms)
	LoadAllAssembliesAndSetupDomain (677ms)
		LoadAssemblies (526ms)
		RebuildTransferFunctionScriptingTraits (0ms)
		AnalyzeDomain (283ms)
			TypeCache.Refresh (16ms)
				TypeCache.ScanAssembly (0ms)
			BuildScriptInfoCaches (250ms)
			ResolveRequiredComponents (7ms)
	FinalizeReload (594ms)
		ReleaseScriptCaches (0ms)
		RebuildScriptCaches (0ms)
		SetupLoadedEditorAssemblies (460ms)
			LogAssemblyErrors (0ms)
			InitializePlatformSupportModulesInManaged (2ms)
			SetLoadedEditorAssemblies (4ms)
			BeforeProcessingInitializeOnLoad (127ms)
			ProcessInitializeOnLoadAttributes (278ms)
			ProcessInitializeOnLoadMethodAttributes (38ms)
			AfterProcessingInitializeOnLoad (10ms)
			EditorAssembliesLoaded (0ms)
		ExecutionOrderSort2 (0ms)
		AwakeInstancesAfterBackupRestoration (8ms)
Refreshing native plugins compatible for Editor in 2.78 ms, found 4 plugins.
Preloading 0 native plugins for Editor in 0.00 ms.
Unloading 1 Unused Serialized files (Serialized files now loaded: 0)
Unloading 4354 unused Assets / (1.2 MB). Loaded Objects now: 4896.
Memory consumption went from 92.2 MB to 91.0 MB.
Total: 8.103000 ms (FindLiveObjects: 0.812900 ms CreateObjectMapping: 0.799400 ms MarkObjects: 5.312100 ms  DeleteObjects: 1.177500 ms)

Prepare: number of updated asset objects reloaded= 0
Editor requested this worker to shutdown with reason: Scaling down because of idle timeout
AssetImportWorker is now disconnected from the server
Process exiting
Exiting without the bug reporter. Application will terminate with return code 0